Using pre-set license

 COMMAND LINE ARGUMENTS:
/Applications/Unity/Hub/Editor/2020.2.1f1/Unity.app/Contents/MacOS/Unity
-adb2
-batchMode
-noUpm
-name
AssetImportWorker0
-projectPath
/Volumes/SSD EXT/Git_Repo/RC4_TechSkill_Assg2
-logFile
Logs/AssetImportWorker0.log
-srvPort
60887
Successfully changed project path to: /Volumes/SSD EXT/Git_Repo/RC4_TechSkill_Assg2
/Volumes/SSD EXT/Git_Repo/RC4_TechSkill_Assg2
Using Asset Import Pipeline V2.
Refreshing native plugins compatible for Editor in 37.13 ms, found 2 plugins.
Preloading 0 native plugins for Editor in 0.00 ms.
Initialize engine version: 2020.2.1f1 (270dd8c3da1c)
[Subsystems] Discovering subsystems at path /Applications/Unity/Hub/Editor/2020.2.1f1/Unity.app/Contents/Resources/UnitySubsystems
[Subsystems] Discovering subsystems at path /Volumes/SSD EXT/Git_Repo/RC4_TechSkill_Assg2/Assets
GfxDevice: creating device client; threaded=0
2021-03-08 16:15:42.885 Unity[68223:4828754] CintiqPro24PT preferred device: AMD Radeon RX 5700 XT (high power, removable)
2021-03-08 16:15:42.885 Unity[68223:4828754] Metal devices available: 3
2021-03-08 16:15:42.885 Unity[68223:4828754] 0: AMD Radeon RX 5700 XT (high power, removable)
2021-03-08 16:15:42.885 Unity[68223:4828754] 1: AMD Radeon Pro 5500M (high power)
2021-03-08 16:15:42.885 Unity[68223:4828754] 2: Intel(R) UHD Graphics 630 (low power)
2021-03-08 16:15:42.885 Unity[68223:4828754] Forcing user selected device: AMD Radeon Pro 5500M (high power)
Initializing Metal device caps: AMD Radeon Pro 5500M
Initialize mono
Mono path[0] = '/Applications/Unity/Hub/Editor/2020.2.1f1/Unity.app/Contents/Managed'
Mono path[1] = '/Applications/Unity/Hub/Editor/2020.2.1f1/Unity.app/Contents/MonoBleedingEdge/lib/mono/unityjit'
Mono config path = '/Applications/Unity/Hub/Editor/2020.2.1f1/Unity.app/Contents/MonoBleedingEdge/etc'
Using monoOptions --debugger-agent=transport=dt_socket,embedding=1,server=y,suspend=n,address=127.0.0.1:56223
Begin MonoManager ReloadAssembly
Registering precompiled unity dll's ...
Register platform support module: /Applications/Unity/Hub/Editor/2020.2.1f1/Unity.app/Contents/PlaybackEngines/MacStandaloneSupport/UnityEditor.OSXStandalone.Extensions.dll
Registered in 0.001636 seconds.
Native extension for OSXStandalone target not found
Refreshing native plugins compatible for Editor in 33.80 ms, found 2 plugins.
Preloading 0 native plugins for Editor in 0.00 ms.
Invoked RoslynAnalysisRunner static constructor.
RoslynAnalysisRunner will not be running.
RoslynAnalysisRunner has terminated.
Mono: successfully reloaded assembly
- Completed reload, in  3.535 seconds
Platform modules already initialized, skipping
Registering precompiled user dll's ...
Registered in 0.014461 seconds.
Begin MonoManager ReloadAssembly
Native extension for OSXStandalone target not found
Refreshing native plugins compatible for Editor in 32.56 ms, found 2 plugins.
Preloading 0 native plugins for Editor in 0.00 ms.
Invoked RoslynAnalysisRunner static constructor.
RoslynAnalysisRunner will not be running.
RoslynAnalysisRunner has terminated.
Mono: successfully reloaded assembly
- Completed reload, in  2.054 seconds
Platform modules already initialized, skipping
========================================================================
Worker process is ready to serve import requests
Launching external process: /Applications/Unity/Hub/Editor/2020.2.1f1/Unity.app/Contents/Tools/UnityShaderCompiler
Launched and connected shader compiler UnityShaderCompiler after 0.02 seconds
Refreshing native plugins compatible for Editor in 0.40 ms, found 2 plugins.
Preloading 0 native plugins for Editor in 0.00 ms.
Unloading 1723 Unused Serialized files (Serialized files now loaded: 0)
System memory in use before: 192.3 MB.
System memory in use after: 192.4 MB.

Unloading 33 unused Assets to reduce memory usage. Loaded Objects now: 2143.
Total: 2.146591 ms (FindLiveObjects: 0.241391 ms CreateObjectMapping: 0.076217 ms MarkObjects: 1.763159 ms  DeleteObjects: 0.065030 ms)

========================================================================
Received Import Request.
  path: Assets/Scripts/CombinerEnvironment.cs
  artifactKey: Guid(2e16ad54e47633842b89aebc33906ccc) Importer(815301076,1909f56bfc062723c751e8b465ee728b)
Start importing Assets/Scripts/CombinerEnvironment.cs using Guid(2e16ad54e47633842b89aebc33906ccc) Importer(815301076,1909f56bfc062723c751e8b465ee728b)  -> (artifact id: '86fee941a4a61ea76fc60a6c3c803711') in 0.335677 seconds
  Import took 0.338247 seconds .

========================================================================
Received Prepare
Registering precompiled user dll's ...
Registered in 0.003657 seconds.
Begin MonoManager ReloadAssembly
Native extension for OSXStandalone target not found
Refreshing native plugins compatible for Editor in 0.54 ms, found 2 plugins.
Preloading 0 native plugins for Editor in 0.00 ms.
Invoked RoslynAnalysisRunner static constructor.
RoslynAnalysisRunner will not be running.
RoslynAnalysisRunner has terminated.
Mono: successfully reloaded assembly
- Completed reload, in  1.303 seconds
Platform modules already initialized, skipping
Refreshing native plugins compatible for Editor in 0.41 ms, found 2 plugins.
Preloading 0 native plugins for Editor in 0.00 ms.
Unloading 1690 Unused Serialized files (Serialized files now loaded: 0)
System memory in use before: 195.6 MB.
System memory in use after: 195.7 MB.

Unloading 28 unused Assets to reduce memory usage. Loaded Objects now: 2145.
Total: 1.481412 ms (FindLiveObjects: 0.156353 ms CreateObjectMapping: 0.060527 ms MarkObjects: 1.244233 ms  DeleteObjects: 0.019626 ms)

========================================================================
Received Import Request.
  Time since last request: 84.178858 seconds.
  path: Assets/Scripts/CombinerEnvironment.cs
  artifactKey: Guid(2e16ad54e47633842b89aebc33906ccc) Importer(815301076,1909f56bfc062723c751e8b465ee728b)
Start importing Assets/Scripts/CombinerEnvironment.cs using Guid(2e16ad54e47633842b89aebc33906ccc) Importer(815301076,1909f56bfc062723c751e8b465ee728b)  -> (artifact id: 'a0f6cccd9a56131b0cec45ecb4e13230') in 0.004913 seconds
  Import took 0.008028 seconds .

========================================================================
Received Prepare
Registering precompiled user dll's ...
Registered in 0.003738 seconds.
Begin MonoManager ReloadAssembly
Native extension for OSXStandalone target not found
Refreshing native plugins compatible for Editor in 0.37 ms, found 2 plugins.
Preloading 0 native plugins for Editor in 0.00 ms.
Invoked RoslynAnalysisRunner static constructor.
RoslynAnalysisRunner will not be running.
RoslynAnalysisRunner has terminated.
Mono: successfully reloaded assembly
- Completed reload, in  1.188 seconds
Platform modules already initialized, skipping
Refreshing native plugins compatible for Editor in 0.36 ms, found 2 plugins.
Preloading 0 native plugins for Editor in 0.00 ms.
Unloading 1690 Unused Serialized files (Serialized files now loaded: 0)
System memory in use before: 197.0 MB.
System memory in use after: 197.1 MB.

Unloading 28 unused Assets to reduce memory usage. Loaded Objects now: 2147.
Total: 1.912179 ms (FindLiveObjects: 0.188126 ms CreateObjectMapping: 0.056939 ms MarkObjects: 1.642381 ms  DeleteObjects: 0.023848 ms)

========================================================================
Received Import Request.
  Time since last request: 162.958598 seconds.
  path: Assets/Scripts/CombinerEnvironment.cs
  artifactKey: Guid(2e16ad54e47633842b89aebc33906ccc) Importer(815301076,1909f56bfc062723c751e8b465ee728b)
Start importing Assets/Scripts/CombinerEnvironment.cs using Guid(2e16ad54e47633842b89aebc33906ccc) Importer(815301076,1909f56bfc062723c751e8b465ee728b)  -> (artifact id: '957bc286ac65bd836abf77dc04563be2') in 0.005971 seconds
  Import took 0.009260 seconds .

========================================================================
Received Prepare
Registering precompiled user dll's ...
Registered in 0.010960 seconds.
Begin MonoManager ReloadAssembly
Native extension for OSXStandalone target not found
Refreshing native plugins compatible for Editor in 0.39 ms, found 2 plugins.
Preloading 0 native plugins for Editor in 0.00 ms.
Invoked RoslynAnalysisRunner static constructor.
RoslynAnalysisRunner will not be running.
RoslynAnalysisRunner has terminated.
Mono: successfully reloaded assembly
- Completed reload, in  1.350 seconds
Platform modules already initialized, skipping
Refreshing native plugins compatible for Editor in 0.47 ms, found 2 plugins.
Preloading 0 native plugins for Editor in 0.00 ms.
Unloading 1690 Unused Serialized files (Serialized files now loaded: 0)
System memory in use before: 196.3 MB.
System memory in use after: 196.4 MB.

Unloading 28 unused Assets to reduce memory usage. Loaded Objects now: 2149.
Total: 1.788745 ms (FindLiveObjects: 0.238896 ms CreateObjectMapping: 0.045737 ms MarkObjects: 1.488316 ms  DeleteObjects: 0.015011 ms)

========================================================================
Received Prepare
Registering precompiled user dll's ...
Registered in 0.003877 seconds.
Begin MonoManager ReloadAssembly
Native extension for OSXStandalone target not found
Refreshing native plugins compatible for Editor in 0.37 ms, found 2 plugins.
Preloading 0 native plugins for Editor in 0.00 ms.
Invoked RoslynAnalysisRunner static constructor.
RoslynAnalysisRunner will not be running.
RoslynAnalysisRunner has terminated.
Mono: successfully reloaded assembly
- Completed reload, in  1.144 seconds
Platform modules already initialized, skipping
Refreshing native plugins compatible for Editor in 0.40 ms, found 2 plugins.
Preloading 0 native plugins for Editor in 0.00 ms.
Unloading 1690 Unused Serialized files (Serialized files now loaded: 0)
System memory in use before: 196.7 MB.
System memory in use after: 196.8 MB.

Unloading 28 unused Assets to reduce memory usage. Loaded Objects now: 2151.
Total: 1.625125 ms (FindLiveObjects: 0.280341 ms CreateObjectMapping: 0.046086 ms MarkObjects: 1.283057 ms  DeleteObjects: 0.014957 ms)

========================================================================
Received Import Request.
  Time since last request: 679.417079 seconds.
  path: Assets/Scripts/CombinerEnvironment.cs
  artifactKey: Guid(2e16ad54e47633842b89aebc33906ccc) Importer(815301076,1909f56bfc062723c751e8b465ee728b)
Start importing Assets/Scripts/CombinerEnvironment.cs using Guid(2e16ad54e47633842b89aebc33906ccc) Importer(815301076,1909f56bfc062723c751e8b465ee728b)  -> (artifact id: '2dcc09a1a6c026e1bc4cbaa451f8a39f') in 0.004761 seconds
  Import took 0.007323 seconds .

========================================================================
Received Prepare
Registering precompiled user dll's ...
Registered in 0.010275 seconds.
Begin MonoManager ReloadAssembly
Native extension for OSXStandalone target not found
Refreshing native plugins compatible for Editor in 0.41 ms, found 2 plugins.
Preloading 0 native plugins for Editor in 0.00 ms.
Invoked RoslynAnalysisRunner static constructor.
RoslynAnalysisRunner will not be running.
RoslynAnalysisRunner has terminated.
Mono: successfully reloaded assembly
- Completed reload, in  1.308 seconds
Platform modules already initialized, skipping
Refreshing native plugins compatible for Editor in 0.47 ms, found 2 plugins.
Preloading 0 native plugins for Editor in 0.00 ms.
Unloading 1690 Unused Serialized files (Serialized files now loaded: 0)
System memory in use before: 197.1 MB.
System memory in use after: 197.2 MB.

Unloading 28 unused Assets to reduce memory usage. Loaded Objects now: 2153.
Total: 1.684445 ms (FindLiveObjects: 0.260535 ms CreateObjectMapping: 0.066819 ms MarkObjects: 1.340214 ms  DeleteObjects: 0.016094 ms)

========================================================================
Received Prepare
Registering precompiled user dll's ...
Registered in 0.004080 seconds.
Begin MonoManager ReloadAssembly
Native extension for OSXStandalone target not found
Refreshing native plugins compatible for Editor in 0.37 ms, found 2 plugins.
Preloading 0 native plugins for Editor in 0.00 ms.
Invoked RoslynAnalysisRunner static constructor.
RoslynAnalysisRunner will not be running.
RoslynAnalysisRunner has terminated.
Mono: successfully reloaded assembly
- Completed reload, in  1.240 seconds
Platform modules already initialized, skipping
Refreshing native plugins compatible for Editor in 0.43 ms, found 2 plugins.
Preloading 0 native plugins for Editor in 0.00 ms.
Unloading 1690 Unused Serialized files (Serialized files now loaded: 0)
System memory in use before: 197.4 MB.
System memory in use after: 197.5 MB.

Unloading 28 unused Assets to reduce memory usage. Loaded Objects now: 2155.
Total: 1.696349 ms (FindLiveObjects: 0.265974 ms CreateObjectMapping: 0.057017 ms MarkObjects: 1.355554 ms  DeleteObjects: 0.016940 ms)

========================================================================
Received Import Request.
  Time since last request: 561.082625 seconds.
  path: Assets/Scripts/CombinerEnvironment.cs
  artifactKey: Guid(2e16ad54e47633842b89aebc33906ccc) Importer(815301076,1909f56bfc062723c751e8b465ee728b)
Start importing Assets/Scripts/CombinerEnvironment.cs using Guid(2e16ad54e47633842b89aebc33906ccc) Importer(815301076,1909f56bfc062723c751e8b465ee728b)  -> (artifact id: '295791c42f1c546df4d15c3ce408f01b') in 0.005196 seconds
  Import took 0.008739 seconds .

========================================================================
Received Prepare
Registering precompiled user dll's ...
Registered in 0.003796 seconds.
Begin MonoManager ReloadAssembly
Native extension for OSXStandalone target not found
Refreshing native plugins compatible for Editor in 0.37 ms, found 2 plugins.
Preloading 0 native plugins for Editor in 0.00 ms.
Invoked RoslynAnalysisRunner static constructor.
RoslynAnalysisRunner will not be running.
RoslynAnalysisRunner has terminated.
Mono: successfully reloaded assembly
- Completed reload, in  1.130 seconds
Platform modules already initialized, skipping
Refreshing native plugins compatible for Editor in 0.37 ms, found 2 plugins.
Preloading 0 native plugins for Editor in 0.00 ms.
Unloading 1690 Unused Serialized files (Serialized files now loaded: 0)
System memory in use before: 197.8 MB.
System memory in use after: 197.9 MB.

Unloading 28 unused Assets to reduce memory usage. Loaded Objects now: 2157.
Total: 1.717909 ms (FindLiveObjects: 0.172381 ms CreateObjectMapping: 0.049059 ms MarkObjects: 1.473764 ms  DeleteObjects: 0.022036 ms)

========================================================================
Received Prepare
Registering precompiled user dll's ...
Registered in 0.003502 seconds.
Begin MonoManager ReloadAssembly
Native extension for OSXStandalone target not found
Refreshing native plugins compatible for Editor in 0.37 ms, found 2 plugins.
Preloading 0 native plugins for Editor in 0.00 ms.
Invoked RoslynAnalysisRunner static constructor.
RoslynAnalysisRunner will not be running.
RoslynAnalysisRunner has terminated.
Mono: successfully reloaded assembly
- Completed reload, in  1.152 seconds
Platform modules already initialized, skipping
Refreshing native plugins compatible for Editor in 0.50 ms, found 2 plugins.
Preloading 0 native plugins for Editor in 0.00 ms.
Unloading 1690 Unused Serialized files (Serialized files now loaded: 0)
System memory in use before: 198.1 MB.
System memory in use after: 198.2 MB.

Unloading 28 unused Assets to reduce memory usage. Loaded Objects now: 2159.
Total: 1.714143 ms (FindLiveObjects: 0.199628 ms CreateObjectMapping: 0.051477 ms MarkObjects: 1.446038 ms  DeleteObjects: 0.016175 ms)

========================================================================
Received Prepare
Registering precompiled user dll's ...
Registered in 0.010847 seconds.
Begin MonoManager ReloadAssembly
Native extension for OSXStandalone target not found
Refreshing native plugins compatible for Editor in 0.37 ms, found 2 plugins.
Preloading 0 native plugins for Editor in 0.00 ms.
Invoked RoslynAnalysisRunner static constructor.
RoslynAnalysisRunner will not be running.
RoslynAnalysisRunner has terminated.
Mono: successfully reloaded assembly
- Completed reload, in  1.238 seconds
Platform modules already initialized, skipping
Refreshing native plugins compatible for Editor in 0.38 ms, found 2 plugins.
Preloading 0 native plugins for Editor in 0.00 ms.
Unloading 1690 Unused Serialized files (Serialized files now loaded: 0)
System memory in use before: 198.5 MB.
System memory in use after: 198.6 MB.

Unloading 28 unused Assets to reduce memory usage. Loaded Objects now: 2161.
Total: 2.719272 ms (FindLiveObjects: 0.349585 ms CreateObjectMapping: 0.144639 ms MarkObjects: 2.206474 ms  DeleteObjects: 0.016844 ms)

========================================================================
Received Import Request.
  Time since last request: 831.960153 seconds.
  path: Assets/Scenes/TrainSceens
  artifactKey: Guid(e3695a01ea1a34978bad49042265a766) Importer(815301076,1909f56bfc062723c751e8b465ee728b)
Start importing Assets/Scenes/TrainSceens using Guid(e3695a01ea1a34978bad49042265a766) Importer(815301076,1909f56bfc062723c751e8b465ee728b)  -> (artifact id: 'c48b35d4d0ccb28d2ef87b092e9200cf') in 0.004812 seconds
  Import took 0.008255 seconds .

========================================================================
Received Import Request.
  Time since last request: 0.021125 seconds.
  path: Assets/Scenes/TrainSceens
  artifactKey: Guid(e3695a01ea1a34978bad49042265a766) Importer(815301076,1909f56bfc062723c751e8b465ee728b)
Start importing Assets/Scenes/TrainSceens using Guid(e3695a01ea1a34978bad49042265a766) Importer(815301076,1909f56bfc062723c751e8b465ee728b)  -> (artifact id: 'c48b35d4d0ccb28d2ef87b092e9200cf') in 0.003187 seconds
  Import took 0.006598 seconds .

========================================================================
Received Import Request.
  Time since last request: 0.998109 seconds.
  path: Assets/Scenes/CombinationAgentTest.unity
  artifactKey: Guid(9d68357e5e0c1ad4e9450593fc6d3cd2) Importer(815301076,1909f56bfc062723c751e8b465ee728b)
Start importing Assets/Scenes/CombinationAgentTest.unity using Guid(9d68357e5e0c1ad4e9450593fc6d3cd2) Importer(815301076,1909f56bfc062723c751e8b465ee728b)  -> (artifact id: 'ddc12d47ff96de83f7da00292a0ebd4d') in 0.013642 seconds
  Import took 0.016465 seconds .

========================================================================
Received Import Request.
  Time since last request: 7.277805 seconds.
  path: Assets/Scenes/TrainSceens/CombinationAgentTest.unity
  artifactKey: Guid(2c993325d972e4767b4ccfe203caf5cc) Importer(815301076,1909f56bfc062723c751e8b465ee728b)
Start importing Assets/Scenes/TrainSceens/CombinationAgentTest.unity using Guid(2c993325d972e4767b4ccfe203caf5cc) Importer(815301076,1909f56bfc062723c751e8b465ee728b)  -> (artifact id: 'c9b1cb47322f5cb1a9810280ec72f581') in 0.006482 seconds
  Import took 0.009083 seconds .

========================================================================
Received Import Request.
  Time since last request: 7.011813 seconds.
  path: Assets/Scenes/TrainSceens/CombinationAgentTrain.unity
  artifactKey: Guid(2c993325d972e4767b4ccfe203caf5cc) Importer(815301076,1909f56bfc062723c751e8b465ee728b)
Start importing Assets/Scenes/TrainSceens/CombinationAgentTrain.unity using Guid(2c993325d972e4767b4ccfe203caf5cc) Importer(815301076,1909f56bfc062723c751e8b465ee728b)  -> (artifact id: 'e72184a799c4b074fb7036fd1e63c8e9') in 0.002540 seconds
  Import took 0.006352 seconds .

========================================================================
Received Import Request.
  Time since last request: 124.993307 seconds.
  path: Assets/Scenes/TrainSceens/CombinationAgentTrain.unity
  artifactKey: Guid(2c993325d972e4767b4ccfe203caf5cc) Importer(815301076,1909f56bfc062723c751e8b465ee728b)
Start importing Assets/Scenes/TrainSceens/CombinationAgentTrain.unity using Guid(2c993325d972e4767b4ccfe203caf5cc) Importer(815301076,1909f56bfc062723c751e8b465ee728b)  -> (artifact id: '4076a5be840701fd624683fcb3b13ca7') in 0.006375 seconds
  Import took 0.008843 seconds .

